d:\tensor\src\matrixcomplier\x64\release\slotfunction.obj
d:\tensor\src\matrixcomplier\x64\release\matrixcomplier.obj
d:\tensor\src\matrixcomplier\x64\release\matrix.obj
d:\tensor\src\matrixcomplier\x64\release\main.obj
d:\tensor\src\matrixcomplier\x64\release\initlization.obj
d:\tensor\src\matrixcomplier\x64\release\moc_matrixcomplier.obj
d:\tensor\src\matrixcomplier\x64\release\eventfilter.obj
d:\tensor\src\matrixcomplier\x64\release\qrc_matrixcomplier.obj
d:\tensor\src\matrixcomplier\x64\release\instructionprocessor.obj
d:\tensor\src\matrixcomplier\generatedfiles\ui_matrixcomplier.h
d:\tensor\src\matrixcomplier\generatedfiles\qrc_matrixcomplier.cpp
d:\tensor\src\matrixcomplier\generatedfiles\release\moc_matrixcomplier.cpp
d:\tensor\x64\release\matrixcomplier.exe
d:\tensor\src\matrixcomplier\x64\release\matrixcomplier.tlog\cl.command.1.tlog
d:\tensor\src\matrixcomplier\x64\release\matrixcomplier.tlog\cl.read.1.tlog
d:\tensor\src\matrixcomplier\x64\release\matrixcomplier.tlog\cl.write.1.tlog
d:\tensor\src\matrixcomplier\x64\release\matrixcomplier.tlog\custombuild.command.1.tlog
d:\tensor\src\matrixcomplier\x64\release\matrixcomplier.tlog\custombuild.read.1.tlog
d:\tensor\src\matrixcomplier\x64\release\matrixcomplier.tlog\custombuild.write.1.tlog
d:\tensor\src\matrixcomplier\x64\release\matrixcomplier.tlog\link.command.1.tlog
d:\tensor\src\matrixcomplier\x64\release\matrixcomplier.tlog\link.read.1.tlog
d:\tensor\src\matrixcomplier\x64\release\matrixcomplier.tlog\link.write.1.tlog
