d:\tensor\src\analyzer\x64\release\token.obj
d:\tensor\src\analyzer\x64\release\returnmsg.obj
d:\tensor\src\analyzer\x64\release\outputtype.obj
d:\tensor\src\analyzer\x64\release\lexicalanalyzer.obj
d:\tensor\src\analyzer\x64\release\analyzer.obj
d:\tensor\src\analyzer\x64\release\syntacticanalyzerappend.obj
d:\tensor\src\analyzer\x64\release\syntacticanalyzer.obj
d:\tensor\src\analyzer\x64\release\matrix.obj
d:\tensor\src\analyzer\x64\release\tokenmatcher.obj
d:\tensor\x64\release\analyzer.lib
d:\tensor\src\analyzer\x64\release\analyzer.tlog\analyzer.write.1u.tlog
d:\tensor\src\analyzer\x64\release\analyzer.tlog\cl.command.1.tlog
d:\tensor\src\analyzer\x64\release\analyzer.tlog\cl.read.1.tlog
d:\tensor\src\analyzer\x64\release\analyzer.tlog\cl.write.1.tlog
d:\tensor\src\analyzer\x64\release\analyzer.tlog\lib-link.read.1.tlog
d:\tensor\src\analyzer\x64\release\analyzer.tlog\lib-link.write.1.tlog
d:\tensor\src\analyzer\x64\release\analyzer.tlog\lib.command.1.tlog
d:\tensor\src\analyzer\x64\release\analyzer.tlog\link.command.1.tlog
d:\tensor\src\analyzer\x64\release\analyzer.tlog\link.read.1.tlog
d:\tensor\src\analyzer\x64\release\analyzer.tlog\link.write.1.tlog
